<?xml version="1.0" encoding="UTF-8"?>
<!-- Generated by org.testng.reporters.JUnitReportReporter -->
<testsuite hostname="DESKTOP-99FE3MA" failures="0" tests="1" name="lab2.Tests" time="0.013" errors="0" timestamp="04 дек. 2017 08:22:11 GMT" skipped="0">
  <testcase classname="lab2.Tests" name="addAirplanes" time="0.013"/>
</testsuite> <!-- lab2.Tests -->
